{
  "stats": {
    "suites": 1,
    "tests": 3,
    "passes": 3,
    "pending": 0,
    "failures": 0,
    "start": "2021-03-08T10:35:05.687Z",
    "end": "2021-03-08T10:35:05.896Z",
    "duration": 209,
    "testsRegistered": 3,
    "passPercent": 100,
    "pendingPercent": 0,
    "other": 0,
    "hasOther": false,
    "skipped": 0,
    "hasSkipped": false
  },
  "results": [
    {
      "uuid": "1469564a-710b-4656-bf3a-3ea708a017fd",
      "title": "",
      "fullFile": "cypress\\integration\\ReadWriteFile.spec.ts",
      "file": "cypress\\integration\\ReadWriteFile.spec.ts",
      "beforeHooks": [],
      "afterHooks": [],
      "tests": [],
      "suites": [
        {
          "uuid": "fbd7e4c2-4743-449a-b55d-046f6678ce74",
          "title": "read write file demo",
          "fullFile": "",
          "file": "",
          "beforeHooks": [],
          "afterHooks": [],
          "tests": [
            {
              "title": "read file using fixture",
              "fullTitle": "read write file demo read file using fixture",
              "timedOut": null,
              "duration": 100,
              "state": "passed",
              "speed": "slow",
              "pass": true,
              "fail": false,
              "pending": false,
              "context": null,
              "code": "cy.fixture('example.json')\n    .its('name').should('eql', 'cypress');\ncy.log(this.data.name);\ncy.log(this.data.email);",
              "err": {},
              "uuid": "6350caff-8b5d-4013-bb68-a50c8bceef6f",
              "parentUUID": "fbd7e4c2-4743-449a-b55d-046f6678ce74",
              "isHook": false,
              "skipped": false
            },
            {
              "title": "read file using CMD",
              "fullTitle": "read write file demo read file using CMD",
              "timedOut": null,
              "duration": 34,
              "state": "passed",
              "speed": "fast",
              "pass": true,
              "fail": false,
              "pending": false,
              "context": null,
              "code": "cy.readFile('./cypress/fixtures/example.json')\n    .its('name').should('eql', 'cypress');",
              "err": {},
              "uuid": "38cce67a-4f43-4a57-afc9-b1d5994f37ad",
              "parentUUID": "fbd7e4c2-4743-449a-b55d-046f6678ce74",
              "isHook": false,
              "skipped": false
            },
            {
              "title": "write file demo",
              "fullTitle": "read write file demo write file demo",
              "timedOut": null,
              "duration": 34,
              "state": "passed",
              "speed": "fast",
              "pass": true,
              "fail": false,
              "pending": false,
              "context": null,
              "code": "cy.writeFile('sample.txt', 'hello i am learning cypress\\n');\ncy.writeFile('sample.txt', '\\nhello i am learning cypress1', { flag: 'a+' });",
              "err": {},
              "uuid": "972f960c-cce4-4b28-bd1d-c0ac98a1e076",
              "parentUUID": "fbd7e4c2-4743-449a-b55d-046f6678ce74",
              "isHook": false,
              "skipped": false
            }
          ],
          "suites": [],
          "passes": [
            "6350caff-8b5d-4013-bb68-a50c8bceef6f",
            "38cce67a-4f43-4a57-afc9-b1d5994f37ad",
            "972f960c-cce4-4b28-bd1d-c0ac98a1e076"
          ],
          "failures": [],
          "pending": [],
          "skipped": [],
          "duration": 168,
          "root": false,
          "rootEmpty": false,
          "_timeout": 2000
        }
      ],
      "passes": [],
      "failures": [],
      "pending": [],
      "skipped": [],
      "duration": 0,
      "root": true,
      "rootEmpty": true,
      "_timeout": 2000
    }
  ],
  "meta": {
    "mocha": {
      "version": "7.0.1"
    },
    "mochawesome": {
      "options": {
        "quiet": false,
        "reportFilename": "mochawesome",
        "saveHtml": false,
        "saveJson": true,
        "consoleReporter": "spec",
        "useInlineDiffs": false,
        "code": true
      },
      "version": "6.2.2"
    },
    "marge": {
      "options": {
        "reportDir": "cypress/results/json",
        "overwrite": false,
        "html": false,
        "json": true
      },
      "version": "5.2.0"
    }
  }
}