{
  "stats": {
    "suites": 0,
    "tests": 2,
    "passes": 2,
    "pending": 0,
    "failures": 0,
    "start": "2021-03-04T09:48:45.933Z",
    "end": "2021-03-04T09:48:50.473Z",
    "duration": 4540,
    "testsRegistered": 2,
    "passPercent": 100,
    "pendingPercent": 0,
    "other": 0,
    "hasOther": false,
    "skipped": 0,
    "hasSkipped": false
  },
  "results": [
    {
      "uuid": "fd5647ec-df08-4818-beba-cc459827df29",
      "title": "",
      "fullFile": "cypress\\integration\\fileupload_download.ts",
      "file": "cypress\\integration\\fileupload_download.ts",
      "beforeHooks": [],
      "afterHooks": [],
      "tests": [
        {
          "title": "file upload demo",
          "fullTitle": "file upload demo",
          "timedOut": null,
          "duration": 1898,
          "state": "passed",
          "speed": "slow",
          "pass": true,
          "fail": false,
          "pending": false,
          "context": null,
          "code": "// cy.visit('https://filebin.net/')\n// cy.get('#fileField').attachFile('photo.png')\ncy.visit('http://tinyupload.com/');\ncy.get('[name=\"uploaded_file\"]').attachFile('photo.png');",
          "err": {},
          "uuid": "ef32f40f-3e35-49ac-9add-c67dd40c6c2f",
          "parentUUID": "fd5647ec-df08-4818-beba-cc459827df29",
          "isHook": false,
          "skipped": false
        },
        {
          "title": "file download demo",
          "fullTitle": "file download demo",
          "timedOut": null,
          "duration": 293,
          "state": "passed",
          "speed": "slow",
          "pass": true,
          "fail": false,
          "pending": false,
          "context": null,
          "code": "cy.downloadFile('https://upload.wikimedia.org/wikipedia/en/a/a9/Example.jpg', 'mydownloads', 'example.jpg');",
          "err": {},
          "uuid": "33373adf-ab6f-421a-aa1d-3bd8bef5d136",
          "parentUUID": "fd5647ec-df08-4818-beba-cc459827df29",
          "isHook": false,
          "skipped": false
        }
      ],
      "suites": [],
      "passes": [
        "ef32f40f-3e35-49ac-9add-c67dd40c6c2f",
        "33373adf-ab6f-421a-aa1d-3bd8bef5d136"
      ],
      "failures": [],
      "pending": [],
      "skipped": [],
      "duration": 2191,
      "root": true,
      "rootEmpty": false,
      "_timeout": 2000
    }
  ],
  "meta": {
    "mocha": {
      "version": "7.0.1"
    },
    "mochawesome": {
      "options": {
        "quiet": false,
        "reportFilename": "mochawesome",
        "saveHtml": false,
        "saveJson": true,
        "consoleReporter": "spec",
        "useInlineDiffs": false,
        "code": true
      },
      "version": "6.2.2"
    },
    "marge": {
      "options": {
        "reportDir": "cypress/results/json",
        "overwrite": false,
        "html": false,
        "json": true
      },
      "version": "5.2.0"
    }
  }
}