{
  "stats": {
    "suites": 0,
    "tests": 2,
    "passes": 2,
    "pending": 0,
    "failures": 0,
    "start": "2021-03-08T10:33:56.679Z",
    "end": "2021-03-08T10:34:10.330Z",
    "duration": 13651,
    "testsRegistered": 2,
    "passPercent": 100,
    "pendingPercent": 0,
    "other": 0,
    "hasOther": false,
    "skipped": 0,
    "hasSkipped": false
  },
  "results": [
    {
      "uuid": "a76729fe-28e3-415a-b535-ae6715b1be62",
      "title": "",
      "fullFile": "cypress\\integration\\fileupload_download.ts",
      "file": "cypress\\integration\\fileupload_download.ts",
      "beforeHooks": [],
      "afterHooks": [],
      "tests": [
        {
          "title": "file upload demo",
          "fullTitle": "file upload demo",
          "timedOut": null,
          "duration": 2504,
          "state": "passed",
          "speed": "slow",
          "pass": true,
          "fail": false,
          "pending": false,
          "context": null,
          "code": "// cy.visit('https://filebin.net/')\n// cy.get('#fileField').attachFile('photo.png')\ncy.visit('http://tinyupload.com/');\ncy.get('[name=\"uploaded_file\"]').attachFile('photo.png');",
          "err": {},
          "uuid": "888b0ac6-6589-445b-969b-5fc0d19abb51",
          "parentUUID": "a76729fe-28e3-415a-b535-ae6715b1be62",
          "isHook": false,
          "skipped": false
        },
        {
          "title": "file download demo",
          "fullTitle": "file download demo",
          "timedOut": null,
          "duration": 377,
          "state": "passed",
          "speed": "slow",
          "pass": true,
          "fail": false,
          "pending": false,
          "context": null,
          "code": "cy.downloadFile('https://upload.wikimedia.org/wikipedia/en/a/a9/Example.jpg', 'mydownloads', 'example.jpg');",
          "err": {},
          "uuid": "1e071df8-1bfa-4bb5-be68-2aa848e815a0",
          "parentUUID": "a76729fe-28e3-415a-b535-ae6715b1be62",
          "isHook": false,
          "skipped": false
        }
      ],
      "suites": [],
      "passes": [
        "888b0ac6-6589-445b-969b-5fc0d19abb51",
        "1e071df8-1bfa-4bb5-be68-2aa848e815a0"
      ],
      "failures": [],
      "pending": [],
      "skipped": [],
      "duration": 2881,
      "root": true,
      "rootEmpty": false,
      "_timeout": 2000
    }
  ],
  "meta": {
    "mocha": {
      "version": "7.0.1"
    },
    "mochawesome": {
      "options": {
        "quiet": false,
        "reportFilename": "mochawesome",
        "saveHtml": false,
        "saveJson": true,
        "consoleReporter": "spec",
        "useInlineDiffs": false,
        "code": true
      },
      "version": "6.2.2"
    },
    "marge": {
      "options": {
        "reportDir": "cypress/results/json",
        "overwrite": false,
        "html": false,
        "json": true
      },
      "version": "5.2.0"
    }
  }
}